10:13 alqassam  : tes
10:13 alqassam  : tes
11:09 SomeoneNamedSan: join server
11:19 SomeoneNamedSan placed suspicious WATER_BUCKET @ world: x420, z309
11:19 SomeoneNamedSan placed suspicious LAVA_BUCKET @ world: x414, z295
11:28 alqassam       :  placed a sign @ world: x629, z360
  /warp spawn
11:49 alqassam       :  placed a sign @ world: x629, z363
  Right-click this
  sign for claiming
  help
11:51 alqassam       :  placed a sign @ world: x629, z363
  Right click this
  s
11:53 alqassam       :  placed a sign @ world: x629, z363
  Right-click to
  obtain claiming
  tutorial
11:55 alqassam       : claimbook
11:55 alqassam       : 0
11:56 alqassam       : claimbook %player%
12:12 SomeoneNamedSan:  placed a sign @ world: x422, z299
  Announcements
12:12 SomeoneNamedSan:  placed a sign @ world: x422, z298
  Notes
12:23 SomeoneNamedSan:  placed a sign @ world: x422, z299
  diamond hoe
  obtained
12:24 SomeoneNamedSan:  placed a sign @ world: x422, z299
  we have an
  enchanted
  diamond hoe
  now
12:52 SomeoneNamedSan: bacl
13:02 alqassam       :  placed a sign @ world: x630, z363
  Right click to
  buy claim
  100 blocks for
  $300
13:04 alqassam       : 0
13:05 alqassam       : buyclaim 100
13:06 alqassam       : Successfully purchased 100 claim blocks
13:20 alqassam       :  placed a sign @ world: x629, z363
  Right click to
  buy golden
  shovel for
  claiming tool
13:21 alqassam       : 10
13:22 alqassam       : give %player% golden_shovel 1
13:23 alqassam       : Successfully purchased golden shovel
13:24 alqassam       : 10
13:24 alqassam       : cancel
13:29 SomeoneNamedSan: woi
13:30 alqassam       :  placed a sign @ world: x629, z363
  Right click to
  obtain tutorial
  book for
  claiming
13:51 alqassam       : none
13:54 alqassam       :  placed a sign @ world: x629, z363
  Left click to
  obtain claiming
  tutorial book
13:55 alqassam       :  placed a sign @ world: x630, z363
  Left click to
  buy 100 claim
  blocks for
  $150
13:55 alqassam       :  placed a sign @ world: x629, z363
  Left click to
  buy golden
  shovel as
  claiming tool
13:56 alqassam       :  placed a sign @ world: x629, z363
  Left click to
  buy golden
  shovel as
  claiming tool
14:20 SomeoneNamedSan: hi
14:20 SomeoneNamedSan: lambat lu
14:20 ProGloves      : os hit
14:21 ProGloves      : ada fog
14:21 SomeoneNamedSan: si alqassam meler
14:22 ProGloves      : eh habis di reset tah nip?
14:22 SomeoneNamedSan: apa yg di reset
14:22 ProGloves      : server
14:23 SomeoneNamedSan: kenapa emgnya?
14:23 ProGloves      : rumah pohon gua blum jadi
14:23 ProGloves      : kemarin udah selesai basisnya..
14:23 ProGloves      : ulang lagi dari 1/4
14:23 SomeoneNamedSan: botak lu ngga read chat di fahumi
14:24 ProGloves      : pantesan
14:24 ProGloves      : halah pantek
14:25 ProGloves      : redstone gua juga ga jadi..
14:28 SomeoneNamedSan: rage quit
14:32 SomeoneNamedSan:  placed a sign @ world: x463, z303
  The Walkway.
  started 5/1/20
  San.
14:34 SomeoneNamedSan: hi
14:41 SomeoneNamedSan: ProGloves lu lagi ngapain
14:46 SomeoneNamedSan: pis
14:46 SomeoneNamedSan: lu pake shader?
14:49 SomeoneNamedSan: afk
15:29 SomeoneNamedSan:  placed a sign @ world: x411, z307
  San's items
16:22 ProGloves      : wtf
16:22 ProGloves      : ada creeper di rumah
16:22 ProGloves      : rumah villager
16:23 ProGloves      : meledak
16:23 ProGloves      : tapi ga ancur
16:25 alqassam       : buset jadi banyak dark oak
16:25 ProGloves      : kurang yg lu kasi
16:25 ProGloves      : jadi gua tanam lagi
16:25 alqassam       : lel
16:25 alqassam       : bantuin edid2 plugin pis
16:26 ProGloves      : gimana
16:26 alqassam       : gua kasih link google drive
16:26 alqassam       : tar lu pelajarin cara kerja pluginnya gimans
16:28 alqassam       : lu gabut ga tar malem? wkwk
16:28 ProGloves      : mau ngerjain skripsi
16:28 alqassam       : yoy
16:29 ProGloves      : si dosen kasih dedline besok ada task2 wkwkwk
16:29 alqassam       : yauds gua taro link edit2annya di discord
16:29 ProGloves      : besok ae
16:29 alqassam       : lu jarang bimbingan sih wkwk
16:29 alqassam       : woke
16:29 ProGloves      : yeuh aing paling rajin cuk
16:30 alqassam       : lel
16:30 alqassam       : kirain gr2 lu share meme di line, itu realitanya wkwk
16:31 ProGloves      : itu apa yg harus dibikin
16:31 ProGloves      : diedit
16:31 alqassam       : yml di dalem folder
16:32 alqassam       : semua mekanisme tergantung yml2 budukan itu
16:32 alqassam       : ga semua plugin yg kita edit wkwk
16:32 ProGloves      : apa aja?
16:32 ProGloves      : di editnya contohnya gimana
16:33 alqassam       : lu bisa sync ke drive lu ga yg gua kasih?
16:33 alqassam       : pake app drive di windows
16:33 alqassam       : biar bisa realtime pake editor
16:33 ProGloves      : apa realtime editornya?
16:33 alqassam       : terserah sih, tp gua pake notepad++
16:34 ProGloves      : lah notepad++ bisa realtime?
16:34 alqassam       : harus lu save dulu baru sync wkwkwk
16:34 ProGloves      : gimanasih?
16:34 alqassam       : ada notifnya kl berubah
16:34 alqassam       : lu donlot dulu dah drive for windows
16:34 ProGloves      : kenapa ga github ae si
16:34 alqassam       : eiya ye
16:35 alqassam       : gua kan punya lel
16:35 ProGloves      : ugh
16:35 ProGloves      : pindahin github aja
16:35 alqassam       : bukan anak ilkom jadi ga biasa wkwk
16:35 ProGloves      : malah gdrive ribet
16:35 ProGloves      : lu tinggal download github dekstop
16:36 ProGloves      : liat money gimana
16:38 alqassam       : balance
16:38 ProGloves      : $579.60
16:38 ProGloves      : seandainya bisa dirupiahin
16:38 alqassam       : lel
16:38 alqassam       : mau lo itu mah
16:38 alqassam       : abis tu tinggal taro folder aj?
16:38 ProGloves      : apanya?
16:39 alqassam       : biar sync
16:39 ProGloves      : iya
16:39 ProGloves      : lu nanti dinotif di github desktop
16:39 ProGloves      : ada perubahan
16:39 alqassam       : weleh
16:39 ProGloves      : lu tinggal pull
16:39 ProGloves      : tapi bagusan realtime sih
16:39 ProGloves      : coba cari di google
16:40 ProGloves      : kenapa ga disini https://codeshare io/
16:41 alqassam       : hmmm
16:42 ProGloves      : weh
16:42 ProGloves      : raid
16:42 alqassam       : gabisa folder keknya
16:42 alqassam       : pure line doang
16:42 ProGloves      : iya sih
16:43 ProGloves      : ini gua ada tanda ginian tapi kok ga ada raid
16:43 alqassam       : hmmm
16:44 ProGloves      : os hit
16:44 alqassam       : beneran diraid kan
16:44 ProGloves      : mana musuhnya
16:46 alqassam       : lel
16:47 ProGloves      : ez
16:48 alqassam       : tetiba gua gaptek
16:48 ProGloves      : naon
16:48 alqassam       : ni tinggal upload repository aja dr foldernya?
16:48 ProGloves      : maksudnya?
16:49 alqassam       : gua mau upload ymlnya biar bisa lu edit
16:49 alqassam       : gimana caranya?
16:49 ProGloves      : upload aja
16:49 ProGloves      : udah lah gdrive aja kalo lu kesusahan wkwk
16:49 alqassam       : lagi gua upload si
16:51 ProGloves      : aing off heula
16:51 ProGloves      : ngomong di diskort ae
16:51 alqassam       : ye
17:19 SomeoneNamedSan: ngaji
17:30 SomeoneNamedSan: back
20:04 alqassam  :  placed a sign @ world: x399, z306
  CHEST
20:04 alqassam  :  placed a sign @ world: x399, z305
  FURNACE
20:05 alqassam  :  placed a sign @ world: x399, z309
  SADDLE
  HORSE ARMOR
