11:25 alqassam  :  placed a sign @ world: x636, z331
  WORLD MAP
  (SO FAR)
11:34 alqassam  :  placed a sign @ world: x632, z331
  D
11:42 alqassam  :  placed a sign @ world: x632, z331
  LAND CLAIM
  INFO & PURCHASE
11:43 alqassam  :  placed a sign @ world: x631, z331
  Left click
  to obtain land
  claiming tutorial
  book
11:44 alqassam  :  placed a sign @ world: x631, z331
  Left click
  to buy golden
  shovel for
  claiming land
11:45 alqassam  :  placed a sign @ world: x633, z331
  Left click
  to buy 100
  blocks for
  $150
11:46 alqassam  :  placed a sign @ world: x631, z331
  Left click
  to buy golden
  shovel as a
  claiming tool
11:46 alqassam  :  placed a sign @ world: x632, z331
  LAND CLAIMING
  INFO & PURCHASE
11:47 alqassam  :  placed a sign @ world: x632, z331
  Left click
  to buy golden
  shovel as a
  claiming tool
11:47 alqassam  :  placed a sign @ world: x632, z331
  LAND CLAIMING
  INFO & PURCHASE
11:50 alqassam  : 0
11:51 alqassam  : none
11:53 alqassam  : claimbook %player%
11:55 alqassam  : 0
11:55 alqassam  : none
11:56 alqassam  : buyclaim 100
11:59 alqassam  : give %player% golden_shovel 1
11:59 alqassam  : none
12:00 alqassam  : Successfully purchased golden shovel
