19:30 SomeoneNamedSan: woi
19:32 alqassam       : t/give SomeoneNamedSan villager_spawn_egg 5
19:35 SomeoneNamedSan: woi
19:35 SomeoneNamedSan: ngga jadi
20:45 SomeoneNamedSan: vadyl
20:47 SomeoneNamedSan: yay
20:47 SomeoneNamedSan: iron farm bekerja lagi
20:48 alqassam       : lu lagi bangun2 rumah ga tadi siang ampe sore dil?
20:49 Vaddyl         : atapnya doang sih
20:49 alqassam       : mau creative? :v
20:49 alqassam       : apa gua kasih resource aja?
20:49 Vaddyl         : ngak ah, ntar gw kilaf :v
20:49 Vaddyl         : yah udah trident satu stack
20:50 SomeoneNamedSan: bagi creative
20:52 SomeoneNamedSan: yg lain mana
20:52 alqassam       : bobo
20:54 SomeoneNamedSan: nice
20:54 Schroodinger   : item gua jdi duplicate
20:55 alqassam       : lel
20:55 alqassam       : berkah anak soleh
20:55 SomeoneNamedSan: apa
20:55 Vaddyl         : mo liat penyiksaan
20:55 SomeoneNamedSan: lambat
20:56 Schroodinger   : si hapis ngamuk nih progressnya dah mayan tadi sore
20:56 SomeoneNamedSan: iya
20:56 SomeoneNamedSan: si alqassam botak
20:56 Vaddyl         : oh iya yah
20:56 alqassam       : ya gua kasih creative
20:56 alqassam       : 2 jam doang
20:56 SomeoneNamedSan: di cobanya convert ke 1.15
20:56 alqassam       : giamna wik?
20:57 Schroodinger   : yaudah
20:57 alqassam       : lol
20:57 SomeoneNamedSan: bagi creative
20:57 Vaddyl         : waduh
20:57 Vaddyl         : stock tnt nih
20:57 SomeoneNamedSan: pls
20:57 Schroodinger   : klo gitu g seru sih
20:58 alqassam       : lu pengen liat hapis ngamuk?
20:58 alqassam       : ya gapapa sih
20:58 Schroodinger   : kasih resourcenya aj klo nggak
20:58 alqassam       : ye
20:58 Vaddyl         : iya dark oak log
20:58 Vaddyl         : berapa stack gitu
20:58 Schroodinger   : iye
20:58 SomeoneNamedSan: 1 large chest
20:58 alqassam       : gua kasih sapling 1 stack sm dark oak log 5 stack cukup ga?
20:58 alqassam       : yuk saksi mata bantu gua wkwk
20:58 Vaddyl         : cukup mah
20:59 Schroodinger   : lognya ksih sebaris chest aj
20:59 alqassam       : sama kue minta maaf
20:59 SomeoneNamedSan: sikit
21:00 SomeoneNamedSan: item dupe
21:00 Schroodinger   : jupe?
21:00 alqassam       : bodoh
21:00 alqassam       : anak sekarang untung ga ngerti
21:00 Schroodinger   : udh alm
21:01 Vaddyl         : anak sekarang taunya kimi kimi
21:01 alqassam       : lol
21:01 Schroodinger   : kimi himi
21:01 alqassam       : ga ngerti juga si san
21:01 SomeoneNamedSan: kimehime
21:01 Schroodinger   : tau lah
21:01 SomeoneNamedSan: youtuber boang
21:01 SomeoneNamedSan: doang
21:01 Schroodinger   : big tiddies
21:01 SomeoneNamedSan: wtf
21:01 alqassam       : loll
21:02 alqassam       : wah serper kenapa nih
21:02 Schroodinger   : tes
21:02 SomeoneNamedSan: update: creeper tidak buat lobang
21:03 Schroodinger   : tpi buat onar
21:03 alqassam       : oi skip malem
21:03 SomeoneNamedSan: bobo
21:03 alqassam       : nice
21:03 Vaddyl         : gila
21:03 SomeoneNamedSan: aap
21:05 alqassam       :  placed a sign @ world: x426, z478
  Hai C. Hafidz.
  Sorry ye gara2
  gue rumah lu
  banyak ke-reset
21:05 Schroodinger   : ni yg markir donkey dpn gudang siapa dah
21:05 alqassam       : gua
21:05 SomeoneNamedSan: alqassam
21:05 Schroodinger   : pindahin
21:05 alqassam       : nape ga suka?
21:05 alqassam       : lu diberakin emg?
21:05 Schroodinger   : toyota innova mo kluar
21:06 alqassam       : spionnya lipet aj
21:06 Vaddyl         : 1.16 update nmax
21:06 SomeoneNamedSan: map
21:06 alqassam       :  placed a sign @ world: x426, z477
  Gue kasih lu
  resource dan
  kue minta maaf
  ala Spongebob
21:07 Schroodinger   : pcx we
21:07 Schroodinger   : moge
21:09 Schroodinger   :  placed a sign @ world: x401, z309
  BUCKET
21:09 Schroodinger   :  placed a sign @ world: x399, z306
  HORSE'S
  ARMOUR
21:10 SomeoneNamedSan: woi
21:10 SomeoneNamedSan: Schroodinger
21:10 Schroodinger   : wat
21:10 SomeoneNamedSan: mau armor mending?
21:10 Schroodinger   : armornya ap?
21:10 SomeoneNamedSan: ni chestplatenya
21:10 SomeoneNamedSan: hasil ngedupe
21:10 Schroodinger   : wew
21:11 Schroodinger   : punya gua udh mending juga
21:11 alqassam       : banyak glitch ye
21:11 Schroodinger   : ksih ke yg lain
21:11 SomeoneNamedSan: pickaxenya tu
21:11 Schroodinger   : bole2
21:11 Schroodinger   : tq
21:11 SomeoneNamedSan: yes
21:11 SomeoneNamedSan: barter sama yg gw sekarang
21:11 SomeoneNamedSan: sama tapi durabilatynya
21:12 Schroodinger   : oke
21:12 SomeoneNamedSan: ok
21:13 Schroodinger   : klo bingung manggil gua type aj jay
21:13 Schroodinger   : san
21:13 alqassam       : lol
21:13 alqassam       : naufal aj
21:13 Schroodinger   : jng
21:13 alqassam       : kusuma
21:14 Schroodinger   : terlalu family friendly
21:14 SomeoneNamedSan: aj jay
21:14 alqassam       : ajay?
21:14 Schroodinger   : ajay mah beda org
21:14 alqassam       : temen lu se sd sukdam
21:14 Schroodinger   : emg
21:14 alqassam       : se smp sma juga ding
21:14 alqassam       : lol
21:14 Schroodinger   : skrg kuliah dmn dah
21:14 alqassam       : stan
21:14 Schroodinger   : kedinasan
21:15 alqassam       : dah kerja dia di bea cukai ap
21:15 Schroodinger   : gils
21:15 Vaddyl         : kenceng duitnya
21:15 alqassam       : ya kan stan cuma d2
21:15 Schroodinger   : gua juga pngen kerja
21:15 Schroodinger   : pngen punya duit
21:15 alqassam       : siapa yg ga pengen kerja
21:15 Schroodinger   : yg memilih utk tidak bekerja
21:18 SomeoneNamedSan: jay
21:19 Schroodinger   : yes
21:19 SomeoneNamedSan: mana xp farm
21:19 Schroodinger   : blkng spawn point
21:19 SomeoneNamedSan: sip
21:19 Schroodinger   : dri diorite
21:21 alqassam       : dil
21:21 alqassam       : mau jadi tim dev ga?
21:21 SomeoneNamedSan: mau
21:21 Vaddyl         : tim dev?
21:21 alqassam       : knp elu yg jawab san =.=
21:21 alqassam       : buat ngurusin plugin server
21:21 alqassam       : bareng hapiz
21:21 alqassam       : ngedit yml doang sih wkwk
21:22 Vaddyl         : ora paham gw
21:22 Schroodinger   : ilkom kan?
21:22 alqassam       : lah yml doang
21:22 alqassam       : ga nyampe java
21:22 Vaddyl         : waduh
21:22 Schroodinger   : klo g bisa di ban
21:22 Vaddyl         : bisa sih
21:22 Vaddyl         : :(
21:22 alqassam       : lol
21:22 Vaddyl         : gw bukan ilkom
21:22 alqassam       : galak amat
21:22 Schroodinger   : ap dong
21:23 alqassam       : mipa komputer
21:23 alqassam       : sama aje
21:23 Vaddyl         : beda lah
21:23 alqassam       : tserah dah wqwwq
21:24 Schroodinger   : teknik komputer?
21:24 alqassam       : tekkom mah ngurusin hardware
21:24 Vaddyl         : ilmu komunikasi
21:24 Vaddyl         : hooh
21:24 alqassam       : buset anak fisip
21:24 Schroodinger   : ips dong
21:25 Schroodinger   : blok kiri
21:25 alqassam       : lol
21:25 Vaddyl         : digaji ngak jadi tim devnya?
21:25 SomeoneNamedSan: kaga
21:25 Vaddyl         : gw ngak nanya lu san
21:26 alqassam       : sukarela wkwk
21:26 alqassam       : kecuali udh monetize boleh lah bagi2
21:26 Vaddyl         : santuy
21:26 Vaddyl         : beneran mau di host jadinya?
21:26 alqassam       : kl dah 10 org maen di sini
21:26 alqassam       : ga mesti 10-10 nya on juga
21:26 SomeoneNamedSan: skarang udah brp?
21:26 alqassam       : udh 5
21:26 SomeoneNamedSan: AAAAAAAAa
21:26 SomeoneNamedSan: phantom
21:27 Vaddyl         : temen lu san minecraft lu san ajakin
21:27 SomeoneNamedSan: ngga pada punya
21:27 SomeoneNamedSan: crack juga pada malas download
21:27 alqassam       : bocah skrg maennya mobile
21:27 SomeoneNamedSan: true
21:28 Vaddyl         : kurang legend
21:28 alqassam       : ga tau perjuangan bikin pc gaming / beli laptop bagus
21:28 alqassam       : maunya gratis dr play store
21:28 Vaddyl         : gw mau komentar, cuma gwnya masih crack
21:29 alqassam       : lol
21:29 alqassam       : si hapis sm wijay ngekrek
21:29 Vaddyl         : padahal laptop, bagus2 semua
21:29 alqassam       : lol
21:29 alqassam       : si wijay punya cod mw padahal
21:30 Vaddyl         : bocah satu lagi punya nier, mhw
21:30 Vaddyl         : overwatch
21:30 alqassam       : ya bgitulah
21:35 Schroodinger   : si aris msih maen mc kgk ya
21:36 alqassam       : mbuh
21:36 alqassam       : harusnya dah lulus tu bocah
21:36 Schroodinger   : kan lu se univ
21:36 alqassam       : ye bukan brrti tau dia juga
21:36 alqassam       : beda fakultas
21:36 Schroodinger   : gimana sih nip
21:36 alqassam       : ui kegedean
21:37 alqassam       : se fakultas aj kadang ga tau
21:37 Schroodinger   : bah
21:37 Schroodinger   : eh iya sih
21:37 Schroodinger   : se jurusan lah minimal
21:37 alqassam       : kl itu pasti gua tau
21:37 alqassam       : si rayza mungkin masih
21:38 Schroodinger   : anjir rayza
21:38 Schroodinger   : smp kan?
21:38 alqassam       : smansa juga
21:38 Schroodinger   : oh iya yak
21:38 Schroodinger   : si genta
21:38 alqassam       : si genta ga respon di grup
21:38 Schroodinger   : udh beda dunia mungkin
21:38 alqassam       : lol
21:38 Schroodinger   : salah gaul
21:38 alqassam       : lol
21:40 SomeoneNamedSan: yah
21:40 SomeoneNamedSan: si librarian ngga beli buku
21:41 Schroodinger   : greget pke netherrack
21:41 alqassam       : gua mau bikin mesjid at-taubah
21:41 Vaddyl         : aesthetic
21:41 alqassam       : bahannya dari netherrack
21:42 Schroodinger   : anjay
21:42 Vaddyl         : awas diceramahin ustad san
21:42 SomeoneNamedSan: aoa
21:42 SomeoneNamedSan: apa
21:42 Schroodinger   : uaq
21:42 SomeoneNamedSan: kok netherrack
21:42 Schroodinger   : ustad alqassam
21:42 alqassam       : jihad di palestin
21:43 Schroodinger   : bntar lgi juga bisa jihad lawan cina
21:43 alqassam       : lol
21:43 Vaddyl         : waduh
21:43 alqassam       : jihad lawan cina tp hape masih xiaomi
21:43 Schroodinger   : disini cmn san yg g wajib ikut
21:43 Schroodinger   : sisanya wamil
21:43 SomeoneNamedSan: aoa
21:43 SomeoneNamedSan: apa
21:43 Vaddyl         : wkwkwk
21:43 alqassam       : lol
21:43 SomeoneNamedSan: hp gw xiaomi
21:44 Vaddyl         : sama gw redmi 4x
21:44 Vaddyl         : gw jual 1.5jt
21:44 Vaddyl         : masih bagus, ad yg mau gak?
21:44 Schroodinger   : lah promosi
21:44 alqassam       : jadi fjb dah
21:44 alqassam       : gua monetize
21:44 Schroodinger   : gua juga mo jual laptop
21:44 Vaddyl         : pake bitcoin ntar
21:44 alqassam       : gua jg mao jual laptop
21:45 Schroodinger   : ideapad y700 msih bagus
21:45 SomeoneNamedSan: paan sih
21:45 alqassam       : lah kirain yg legion
21:45 SomeoneNamedSan: semua yg main kan ada pc sendiri
21:45 Schroodinger   : blm jaman legion
21:45 Vaddyl         : gw di warnet san
21:45 Schroodinger   : tipenya msih ideapad
21:45 Vaddyl         : laptop gw ngak kuat minecraft soalnya
21:45 Schroodinger   : nah dil beli laptop gua aj
21:45 SomeoneNamedSan: laptop kentang
21:45 alqassam       : lol
21:45 Vaddyl         : berapaan
21:45 alqassam       : laptop gua aj
21:46 alqassam       : tp casing screennya pecah :v
21:46 Schroodinger   : dibuka dari harga 8.999.000
21:46 Schroodinger   : bole nego
21:46 Vaddyl         : 3jt+trident
21:47 alqassam       : kocak
21:47 Schroodinger   : ndasmu
21:47 SomeoneNamedSan: a
21:47 Schroodinger   : tak trident jidat koe
21:47 Vaddyl         : dih, susah itu
21:47 Schroodinger   : lel
21:47 Vaddyl         : pecaya ato ngak, laptop gw cuma 100ribuan
21:47 Vaddyl         : thinkpad yoga 14
21:47 alqassam       : kirain raspberry pi
21:48 Vaddyl         : menang flash sale :v
21:48 Schroodinger   : gils
21:48 SomeoneNamedSan: laptop bekas kriminal
21:48 Vaddyl         : gw promosi jd
21:48 Schroodinger   : bekas dimaling
21:48 alqassam       : lu menang banyak dah jual 3jt
21:48 Vaddyl         : pada nawarin 200ribu
21:48 Schroodinger   : wkwk dah tau asal muasalnya
21:48 Vaddyl         : paling dari china
21:49 Vaddyl         : flash sale jd id soalnya
21:49 Schroodinger   : hp cina
21:49 Schroodinger   : laptop cina
21:49 Schroodinger   : mo perang lawan cina
21:49 Vaddyl         : iron e
21:49 SomeoneNamedSan: e
21:49 Vaddyl         : ngak papa lah, kita kan pribumi
21:50 Schroodinger   : pribumi vs kompani
21:50 alqassam       : kompany?
21:50 SomeoneNamedSan: company
21:50 Schroodinger   : vincent
21:50 alqassam       : vincent raditya
21:50 alqassam       : harusnya dah bikin job hall neh
21:51 Schroodinger   : mane job fairnya
21:51 alqassam       : sementara dah
21:51 alqassam       : tenda dulu
21:51 Schroodinger   : gua pengangguran
21:51 SomeoneNamedSan: tenda
21:51 alqassam       : job fairnya tenda biru
21:51 Schroodinger   : kyk kawinan aj
21:51 Vaddyl         : pengangguran assemble
21:51 alqassam       : buset kawinan tenda biru
21:51 Schroodinger   : lagunya desi ratnasari
21:53 Schroodinger   : scaffolding terlalu op kta gua
21:53 alqassam       : emg
21:53 Schroodinger   : tdi sore prasaan danau dpn rumah vadil dah ditambal dah
21:54 alqassam       : kan crash worldnya
21:54 Schroodinger   : protes dil
21:54 SomeoneNamedSan: protes
21:54 alqassam       : pake yg pertama setelah one server one world
21:54 Vaddyl         : tau nih
21:56 alqassam       :  placed a sign @ world: x554, z334
  JOB FAIR
  KERJA SERABUTAN
21:57 alqassam       :  placed a sign @ world: x556, z332
  [Jobs]
  Join
21:58 alqassam       :  placed a sign @ world: x556, z332
  [Jobs]
  Join
  Woodcutter
21:58 SomeoneNamedSan: eh
21:58 alqassam       :  placed a sign @ world: x557, z332
  [Jobs]
  Join
  Miner
21:58 SomeoneNamedSan: apa lagi profesi zombie villager
21:58 SomeoneNamedSan: biar dapet diskon gila
21:58 Vaddyl         : pengganguran
21:58 SomeoneNamedSan: armorer udah
21:58 alqassam       :  placed a sign @ world: x558, z332
  [Jobs]
  Join
  Builder
21:59 alqassam       :  placed a sign @ world: x559, z332
  [Jobs]
  Join
  Fisherman
21:59 SomeoneNamedSan: librarian udah
21:59 SomeoneNamedSan: fletcher?
21:59 alqassam       :  placed a sign @ world: x560, z332
  [Jobs]
  Join
  Digger
21:59 alqassam       :  placed a sign @ world: x560, z332
  [Jobs]
  Join
  Farmer
21:59 alqassam       : check this out gengs
21:59 SomeoneNamedSan: fletcher it is then
21:59 alqassam       : ke spawn
22:00 SomeoneNamedSan: apa
22:00 SomeoneNamedSan: kok 4
22:00 SomeoneNamedSan: aha
22:00 SomeoneNamedSan: nice
22:00 Vaddyl         : jaog emang admin kita
22:00 SomeoneNamedSan: where merchant
22:00 Schroodinger   : digger sama miner ap bedanya?
22:00 alqassam       : digger ya pake shovel
22:00 Vaddyl         : pengangguran ngak ada tah?
22:00 alqassam       : miner pake pickaxe
22:01 SomeoneNamedSan: builer
22:01 Schroodinger   : nitwit pengangguran
22:01 SomeoneNamedSan: builder
22:01 Schroodinger   : builder naro2 block
22:01 Vaddyl         : Please moderate your language
22:02 Schroodinger   : ngecek job gmn?
22:02 SomeoneNamedSan: yes
22:02 alqassam       : slash jobs
22:02 alqassam       : tu lengkap
22:02 alqassam       :  placed a sign @ world: x559, z332
  [Jobs]
22:03 SomeoneNamedSan: builder sama woodcutter biar everyday things
22:03 Vaddyl         : miner bitcoin
22:03 alqassam       :  placed a sign @ world: x559, z332
  [Jobs]
  Join
  Hunter
22:03 Schroodinger   : semuanya bisa everyday things
22:03 Schroodinger   : klo digeluti
22:03 alqassam       : tul
22:03 alqassam       : sushicraft legend emg beda
22:04 SomeoneNamedSan: liat baltp
22:04 SomeoneNamedSan: baltop
22:04 SomeoneNamedSan: gw paling banyak duit
22:04 alqassam       : heleh
22:05 SomeoneNamedSan: digger jadi gold digger aja
22:05 alqassam       :  placed a sign @ world: x558, z332
  [Jobs]
  join crafter
22:05 Vaddyl         : jago emang san
22:05 alqassam       :  placed a sign @ world: x558, z332
  [Jobs]
  Join
  Crafter
22:05 alqassam       :  placed a sign @ world: x557, z332
  [Jobs]
  Join
  Brewer
22:05 alqassam       :  placed a sign @ world: x556, z332
  [Jobs]
  Join
  Enchanter
22:07 alqassam       :  placed a sign @ world: x557, z332
  [Jobs]
  Join
  Explorer
22:07 alqassam       :  placed a sign @ world: x559, z332
  [job
22:08 Vaddyl         : bobok dulu guys
22:08 Schroodinger   : bobo irl?
22:08 alqassam       :  placed a sign @ world: x559, z332
  [Jobs]
  Join
  Weaponsmith
22:08 alqassam       : ye
22:08 Vaddyl         : yok ay
22:08 alqassam       : ngantuk aing
22:08 Vaddyl         : lu itb kan jay?
22:08 alqassam       : yujiem
22:08 Schroodinger   : pngennya
22:08 Schroodinger   : g jodoh tpi
22:08 Vaddyl         : wahh
22:08 Vaddyl         : sama
22:09 Schroodinger   : lel
22:09 Schroodinger   : sependeritaan
22:09 SomeoneNamedSan: kaga
22:09 SomeoneNamedSan: jgn
22:09 SomeoneNamedSan: pls
