2020-01-05 10-08
=============================== GM ERROR LOG ===============================
= ERROR REPORT START - 0.2.0 =

java.lang.IllegalArgumentException: The GlobalGroup ' g:jobs honored' is formatted incorrectly: 
	at org.anjocaido.groupmanager.GlobalGroups.load(GlobalGroups.java:166)
	at org.anjocaido.groupmanager.GlobalGroups.<init>(GlobalGroups.java:44)
	at org.anjocaido.groupmanager.GroupManager.onEnable(GroupManager.java:162)
	at org.anjocaido.groupmanager.GroupManager.onEnable(GroupManager.java:92)
	at org.bukkit.plugin.java.JavaPlugin.setEnabled(JavaPlugin.java:263)
	at org.bukkit.plugin.java.JavaPluginLoader.enablePlugin(JavaPluginLoader.java:338)
	at org.bukkit.plugin.SimplePluginManager.enablePlugin(SimplePluginManager.java:420)
	at org.bukkit.craftbukkit.v1_14_R1.CraftServer.enablePlugin(CraftServer.java:467)
	at org.bukkit.craftbukkit.v1_14_R1.CraftServer.enablePlugins(CraftServer.java:381)
	at net.minecraft.server.v1_14_R1.MinecraftServer.a(MinecraftServer.java:474)
	at net.minecraft.server.v1_14_R1.DedicatedServer.init(DedicatedServer.java:290)
	at net.minecraft.server.v1_14_R1.MinecraftServer.run(MinecraftServer.java:876)
	at java.lang.Thread.run(Unknown Source)
Caused by: java.lang.ClassCastException: java.util.ArrayList cannot be cast to java.util.Map
	at org.anjocaido.groupmanager.GlobalGroups.load(GlobalGroups.java:164)
	... 12 more

============================================================================

2020-01-05 10-10
=============================== GM ERROR LOG ===============================
= ERROR REPORT START - 0.2.0 =

java.lang.IllegalArgumentException: The GlobalGroup ' g:jobs honored' is formatted incorrectly: 
	at org.anjocaido.groupmanager.GlobalGroups.load(GlobalGroups.java:166)
	at org.anjocaido.groupmanager.GlobalGroups.<init>(GlobalGroups.java:44)
	at org.anjocaido.groupmanager.GroupManager.onEnable(GroupManager.java:162)
	at org.anjocaido.groupmanager.GroupManager.onEnable(GroupManager.java:92)
	at org.bukkit.plugin.java.JavaPlugin.setEnabled(JavaPlugin.java:263)
	at org.bukkit.plugin.java.JavaPluginLoader.enablePlugin(JavaPluginLoader.java:338)
	at org.bukkit.plugin.SimplePluginManager.enablePlugin(SimplePluginManager.java:420)
	at org.bukkit.craftbukkit.v1_14_R1.CraftServer.enablePlugin(CraftServer.java:467)
	at org.bukkit.craftbukkit.v1_14_R1.CraftServer.enablePlugins(CraftServer.java:381)
	at net.minecraft.server.v1_14_R1.MinecraftServer.a(MinecraftServer.java:474)
	at net.minecraft.server.v1_14_R1.DedicatedServer.init(DedicatedServer.java:290)
	at net.minecraft.server.v1_14_R1.MinecraftServer.run(MinecraftServer.java:876)
	at java.lang.Thread.run(Unknown Source)
Caused by: java.lang.ClassCastException: java.util.ArrayList cannot be cast to java.util.Map
	at org.anjocaido.groupmanager.GlobalGroups.load(GlobalGroups.java:164)
	... 12 more

============================================================================

